<?xml version="1.0" encoding="UTF-8"?>
<!-- Generated by org.testng.reporters.JUnitXMLReporter -->
<testsuite hostname="14BS34G02" ignored="2" name="D2PUserTestSuit" tests="2" failures="0" timestamp="24 8 2018 07:31:51 GMT" time="72.698" errors="0">
  <testcase name="testSettingMenu" time="52.997" classname="seleniumTest.sample.SettingMenuTest"/>
  <testcase name="testGlobalMenu" time="62.985" classname="seleniumTest.sample.GlobalMenuTest"/>
  <testcase name="@BeforeSuite beforeSuite" time="0.0" classname="seleniumTest.sample.D2PUserBase">
    <ignored/>
  </testcase> <!-- @BeforeSuite beforeSuite -->
  <testcase name="@AfterSuite afterSuite" time="0.0" classname="seleniumTest.sample.D2PUserBase">
    <ignored/>
  </testcase> <!-- @AfterSuite afterSuite -->
</testsuite> <!-- D2PUserTestSuit -->
