<?xml version="1.0" encoding="UTF-8"?>
<testng-results skipped="0" failed="0" ignored="0" total="1" passed="1">
  <reporter-output>
  </reporter-output>
  <suite name="Default suite" duration-ms="4196204" started-at="2018-10-25T04:37:25Z" finished-at="2018-10-25T05:47:22Z">
    <groups>
    </groups>
    <test name="Default test" duration-ms="4196204" started-at="2018-10-25T04:37:25Z" finished-at="2018-10-25T05:47:22Z">
      <class name="seleniumTest.sample.FetchChromeUserAgentInfoTest">
        <test-method status="PASS" signature="testFetchChromeUserAgentPageInfo()[pri:0, instance:seleniumTest.sample.FetchChromeUserAgentInfoTest@60b431]" name="testFetchChromeUserAgentPageInfo" duration-ms="4196088" started-at="2018-10-25T04:37:25Z" finished-at="2018-10-25T05:47:22Z">
          <reporter-output>
          </reporter-output>
        </test-method> <!-- testFetchChromeUserAgentPageInfo -->
      </class> <!-- seleniumTest.sample.FetchChromeUserAgentInfoTest -->
    </test> <!-- Default test -->
  </suite> <!-- Default suite -->
</testng-results>
